<?xml version="1.0" encoding="UTF-8"?>
<testsuite name="org.fxyz3d.importers.maya.MayaImporterTest" tests="2" skipped="0" failures="0" errors="0" timestamp="2026-02-12T01:41:08.069Z" hostname="MacBook-Pro.local" time="0.17">
  <properties/>
  <testcase name="testLoadAsPoly()" classname="org.fxyz3d.importers.maya.MayaImporterTest" time="0.169"/>
  <testcase name="testExtensions()" classname="org.fxyz3d.importers.maya.MayaImporterTest" time="0.001"/>
  <system-out><![CDATA[]]></system-out>
  <system-err><![CDATA[Feb. 11, 2026 8:41:08 P.M. com.sun.javafx.application.PlatformImpl startup
WARNING: Unsupported JavaFX configuration: classes were loaded from 'unnamed module @2c9fc608'
]]></system-err>
</testsuite>
