<?xml version="1.0" encoding="UTF-8"?>
<testsuite name="org.fxyz3d.importers.obj.ObjImporterTest" tests="5" skipped="0" failures="0" errors="0" timestamp="2026-02-12T01:41:08.267Z" hostname="MacBook-Pro.local" time="0.077">
  <properties/>
  <testcase name="testLoadMaterial()" classname="org.fxyz3d.importers.obj.ObjImporterTest" time="0.004"/>
  <testcase name="testLoadAsPoly()" classname="org.fxyz3d.importers.obj.ObjImporterTest" time="0.069"/>
  <testcase name="testLoad()" classname="org.fxyz3d.importers.obj.ObjImporterTest" time="0.001"/>
  <testcase name="testMeshes()" classname="org.fxyz3d.importers.obj.ObjImporterTest" time="0.002"/>
  <testcase name="testExtensions()" classname="org.fxyz3d.importers.obj.ObjImporterTest" time="0.0"/>
  <system-out><![CDATA[]]></system-out>
  <system-err><![CDATA[]]></system-err>
</testsuite>
