<?xml version="1.0" encoding="UTF-8"?>
<testsuite name="org.fxyz3d.shapes.primitives.SegmentedSphereMeshTest" tests="8" skipped="0" failures="0" errors="0" timestamp="2026-02-12T02:26:01.206Z" hostname="MacBook-Pro.local" time="0.01">
  <properties/>
  <testcase name="Radius-only constructor sets value correctly" classname="org.fxyz3d.shapes.primitives.SegmentedSphereMeshTest" time="0.002"/>
  <testcase name="Mesh is updated when radius changes" classname="org.fxyz3d.shapes.primitives.SegmentedSphereMeshTest" time="0.003"/>
  <testcase name="Mesh is updated when divisions changes" classname="org.fxyz3d.shapes.primitives.SegmentedSphereMeshTest" time="0.002"/>
  <testcase name="Default constructor uses correct default values" classname="org.fxyz3d.shapes.primitives.SegmentedSphereMeshTest" time="0.001"/>
  <testcase name="Mesh has vertices" classname="org.fxyz3d.shapes.primitives.SegmentedSphereMeshTest" time="0.0"/>
  <testcase name="Mesh has faces" classname="org.fxyz3d.shapes.primitives.SegmentedSphereMeshTest" time="0.001"/>
  <testcase name="Property accessors work correctly" classname="org.fxyz3d.shapes.primitives.SegmentedSphereMeshTest" time="0.0"/>
  <testcase name="Mesh is updated when crop X changes" classname="org.fxyz3d.shapes.primitives.SegmentedSphereMeshTest" time="0.001"/>
  <system-out><![CDATA[]]></system-out>
  <system-err><![CDATA[]]></system-err>
</testsuite>
