<?xml version="1.0" encoding="UTF-8"?>
<testsuite name="org.fxyz3d.shapes.primitives.KnotMeshTest" tests="10" skipped="0" failures="0" errors="0" timestamp="2026-02-12T02:26:01.074Z" hostname="MacBook-Pro.local" time="0.03">
  <properties/>
  <testcase name="Mesh is updated when p changes" classname="org.fxyz3d.shapes.primitives.KnotMeshTest" time="0.007"/>
  <testcase name="Mesh is updated when major radius changes" classname="org.fxyz3d.shapes.primitives.KnotMeshTest" time="0.003"/>
  <testcase name="Five-parameter constructor sets values correctly" classname="org.fxyz3d.shapes.primitives.KnotMeshTest" time="0.003"/>
  <testcase name="Mesh is updated when q changes" classname="org.fxyz3d.shapes.primitives.KnotMeshTest" time="0.004"/>
  <testcase name="Default constructor uses correct default values" classname="org.fxyz3d.shapes.primitives.KnotMeshTest" time="0.002"/>
  <testcase name="Mesh has vertices" classname="org.fxyz3d.shapes.primitives.KnotMeshTest" time="0.002"/>
  <testcase name="Mesh is updated when minor radius changes" classname="org.fxyz3d.shapes.primitives.KnotMeshTest" time="0.003"/>
  <testcase name="Mesh has faces" classname="org.fxyz3d.shapes.primitives.KnotMeshTest" time="0.001"/>
  <testcase name="Mesh is updated when wire radius changes" classname="org.fxyz3d.shapes.primitives.KnotMeshTest" time="0.003"/>
  <testcase name="Property accessors work correctly" classname="org.fxyz3d.shapes.primitives.KnotMeshTest" time="0.001"/>
  <system-out><![CDATA[]]></system-out>
  <system-err><![CDATA[]]></system-err>
</testsuite>
