<?xml version="1.0" encoding="UTF-8"?>
<testsuite name="org.fxyz3d.shapes.primitives.TorusMeshViewTest" tests="2" skipped="0" failures="0" errors="0" timestamp="2026-02-12T02:26:01.624Z" hostname="MacBook-Pro.local" time="0.007">
  <properties/>
  <testcase name="Mesh is updated when radius changes" classname="org.fxyz3d.shapes.primitives.TorusMeshViewTest" time="0.002"/>
  <testcase name="testTorusConstruction()" classname="org.fxyz3d.shapes.primitives.TorusMeshViewTest" time="0.005"/>
  <system-out><![CDATA[]]></system-out>
  <system-err><![CDATA[]]></system-err>
</testsuite>
