<?xml version="1.0" encoding="UTF-8"?>
<testsuite name="org.fxyz3d.shapes.composites.ScatterPlotTest" tests="6" skipped="0" failures="0" errors="0" timestamp="2026-02-12T02:26:00.937Z" hostname="MacBook-Pro.local" time="0.002">
  <properties/>
  <testcase name="Group contains children after init" classname="org.fxyz3d.shapes.composites.ScatterPlotTest" time="0.0"/>
  <testcase name="Constructor with parameters sets values" classname="org.fxyz3d.shapes.composites.ScatterPlotTest" time="0.0"/>
  <testcase name="setXYZData creates data nodes" classname="org.fxyz3d.shapes.composites.ScatterPlotTest" time="0.001"/>
  <testcase name="Axis data accessors work" classname="org.fxyz3d.shapes.composites.ScatterPlotTest" time="0.001"/>
  <testcase name="Constructor with selfLit creates plot" classname="org.fxyz3d.shapes.composites.ScatterPlotTest" time="0.0"/>
  <testcase name="Node type can be changed" classname="org.fxyz3d.shapes.composites.ScatterPlotTest" time="0.0"/>
  <system-out><![CDATA[]]></system-out>
  <system-err><![CDATA[]]></system-err>
</testsuite>
