<?xml version="1.0" encoding="UTF-8"?>
<testsuite name="Per-Particle Scale Tests" tests="4" skipped="0" failures="0" errors="0" timestamp="2026-02-12T02:26:01.196Z" hostname="MacBook-Pro.local" time="0.001">
  <properties/>
  <testcase name="setPerParticleScale enables scale mode" classname="org.fxyz3d.shapes.primitives.ScatterMeshTest$PerParticleScaleTests" time="0.0"/>
  <testcase name="enablePerParticleAttributes enables both color and scale" classname="org.fxyz3d.shapes.primitives.ScatterMeshTest$PerParticleScaleTests" time="0.001"/>
  <testcase name="Default perParticleScale is false" classname="org.fxyz3d.shapes.primitives.ScatterMeshTest$PerParticleScaleTests" time="0.0"/>
  <testcase name="Particles with different scale have different sizes" classname="org.fxyz3d.shapes.primitives.ScatterMeshTest$PerParticleScaleTests" time="0.0"/>
  <system-out><![CDATA[]]></system-out>
  <system-err><![CDATA[]]></system-err>
</testsuite>
