<?xml version="1.0" encoding="UTF-8"?>
<testsuite name="org.fxyz3d.shapes.primitives.Function3DMeshTest" tests="8" skipped="0" failures="0" errors="0" timestamp="2026-02-12T02:26:01.063Z" hostname="MacBook-Pro.local" time="0.005">
  <properties/>
  <testcase name="Constructor sets wireframe correctly" classname="org.fxyz3d.shapes.primitives.Function3DMeshTest" time="0.002"/>
  <testcase name="Wireframe can be toggled" classname="org.fxyz3d.shapes.primitives.Function3DMeshTest" time="0.0"/>
  <testcase name="Group contains children" classname="org.fxyz3d.shapes.primitives.Function3DMeshTest" time="0.001"/>
  <testcase name="Constructor sets surface correctly" classname="org.fxyz3d.shapes.primitives.Function3DMeshTest" time="0.0"/>
  <testcase name="Wireframe property accessor works" classname="org.fxyz3d.shapes.primitives.Function3DMeshTest" time="0.0"/>
  <testcase name="Surface property accessor works" classname="org.fxyz3d.shapes.primitives.Function3DMeshTest" time="0.001"/>
  <testcase name="Function3D data is available" classname="org.fxyz3d.shapes.primitives.Function3DMeshTest" time="0.0"/>
  <testcase name="Surface can be changed" classname="org.fxyz3d.shapes.primitives.Function3DMeshTest" time="0.0"/>
  <system-out><![CDATA[]]></system-out>
  <system-err><![CDATA[]]></system-err>
</testsuite>
