<?xml version="1.0" encoding="UTF-8"?>
<testsuite name="org.fxyz3d.shapes.primitives.Surface3DMeshTest" tests="6" skipped="0" failures="0" errors="0" timestamp="2026-02-12T02:26:01.257Z" hostname="MacBook-Pro.local" time="0.004">
  <properties/>
  <testcase name="Mesh is updated when surface data changes" classname="org.fxyz3d.shapes.primitives.Surface3DMeshTest" time="0.003"/>
  <testcase name="Default constructor creates mesh with empty data" classname="org.fxyz3d.shapes.primitives.Surface3DMeshTest" time="0.0"/>
  <testcase name="Mesh has vertices" classname="org.fxyz3d.shapes.primitives.Surface3DMeshTest" time="0.001"/>
  <testcase name="Constructor with data sets surface data correctly" classname="org.fxyz3d.shapes.primitives.Surface3DMeshTest" time="0.0"/>
  <testcase name="Mesh has faces" classname="org.fxyz3d.shapes.primitives.Surface3DMeshTest" time="0.0"/>
  <testcase name="Property accessor works correctly" classname="org.fxyz3d.shapes.primitives.Surface3DMeshTest" time="0.0"/>
  <system-out><![CDATA[]]></system-out>
  <system-err><![CDATA[]]></system-err>
</testsuite>
