<?xml version="1.0" encoding="UTF-8"?>
<testsuite name="org.fxyz3d.shapes.primitives.CubeMeshTest" tests="8" skipped="0" failures="0" errors="0" timestamp="2026-02-12T02:26:01.015Z" hostname="MacBook-Pro.local" time="0.002">
  <properties/>
  <testcase name="Image padding can be changed" classname="org.fxyz3d.shapes.primitives.CubeMeshTest" time="0.001"/>
  <testcase name="Parameterized constructor sets size correctly" classname="org.fxyz3d.shapes.primitives.CubeMeshTest" time="0.0"/>
  <testcase name="Mesh has texture coordinates" classname="org.fxyz3d.shapes.primitives.CubeMeshTest" time="0.0"/>
  <testcase name="Mesh is updated when size changes" classname="org.fxyz3d.shapes.primitives.CubeMeshTest" time="0.0"/>
  <testcase name="Default constructor uses correct default values" classname="org.fxyz3d.shapes.primitives.CubeMeshTest" time="0.001"/>
  <testcase name="Mesh has vertices" classname="org.fxyz3d.shapes.primitives.CubeMeshTest" time="0.0"/>
  <testcase name="Mesh has faces" classname="org.fxyz3d.shapes.primitives.CubeMeshTest" time="0.0"/>
  <testcase name="Property accessors work correctly" classname="org.fxyz3d.shapes.primitives.CubeMeshTest" time="0.0"/>
  <system-out><![CDATA[]]></system-out>
  <system-err><![CDATA[]]></system-err>
</testsuite>
