<?xml version="1.0" encoding="UTF-8"?>
<testsuite name="Geometry Tests" tests="6" skipped="0" failures="0" errors="0" timestamp="2026-02-12T02:26:01.106Z" hostname="MacBook-Pro.local" time="0.001">
  <properties/>
  <testcase name="Octahedron has 6 vertices" classname="org.fxyz3d.shapes.primitives.OctahedronMarkerMeshTest$GeometryTests" time="0.0"/>
  <testcase name="Octahedron has 8 faces" classname="org.fxyz3d.shapes.primitives.OctahedronMarkerMeshTest$GeometryTests" time="0.0"/>
  <testcase name="Radius scales vertex positions" classname="org.fxyz3d.shapes.primitives.OctahedronMarkerMeshTest$GeometryTests" time="0.0"/>
  <testcase name="Octahedron has 8 smoothing groups" classname="org.fxyz3d.shapes.primitives.OctahedronMarkerMeshTest$GeometryTests" time="0.0"/>
  <testcase name="Center offsets vertex positions" classname="org.fxyz3d.shapes.primitives.OctahedronMarkerMeshTest$GeometryTests" time="0.0"/>
  <testcase name="Vertices are at correct positions for unit octahedron" classname="org.fxyz3d.shapes.primitives.OctahedronMarkerMeshTest$GeometryTests" time="0.0"/>
  <system-out><![CDATA[]]></system-out>
  <system-err><![CDATA[]]></system-err>
</testsuite>
