<?xml version="1.0" encoding="UTF-8"?>
<testsuite name="Vector Operations Tests" tests="8" skipped="0" failures="0" errors="0" timestamp="2026-02-12T02:26:00.844Z" hostname="MacBook-Pro.local" time="0.001">
  <properties/>
  <testcase name="add returns new point with summed coordinates" classname="org.fxyz3d.geometry.Point3DTest$VectorOperationsTests" time="0.0"/>
  <testcase name="magnitude calculates correct length" classname="org.fxyz3d.geometry.Point3DTest$VectorOperationsTests" time="0.0"/>
  <testcase name="normalize handles zero vector" classname="org.fxyz3d.geometry.Point3DTest$VectorOperationsTests" time="0.0"/>
  <testcase name="dotProduct calculates correctly" classname="org.fxyz3d.geometry.Point3DTest$VectorOperationsTests" time="0.0"/>
  <testcase name="crossProduct calculates correctly" classname="org.fxyz3d.geometry.Point3DTest$VectorOperationsTests" time="0.0"/>
  <testcase name="normalize returns unit vector" classname="org.fxyz3d.geometry.Point3DTest$VectorOperationsTests" time="0.0"/>
  <testcase name="substract returns new point with difference" classname="org.fxyz3d.geometry.Point3DTest$VectorOperationsTests" time="0.0"/>
  <testcase name="multiply scales all coordinates" classname="org.fxyz3d.geometry.Point3DTest$VectorOperationsTests" time="0.0"/>
  <system-out><![CDATA[]]></system-out>
  <system-err><![CDATA[]]></system-err>
</testsuite>
