<?xml version="1.0" encoding="UTF-8"?>
<testsuite name="Geometry Tests" tests="9" skipped="0" failures="0" errors="0" timestamp="2026-02-12T02:26:01.120Z" hostname="MacBook-Pro.local" time="0.001">
  <properties/>
  <testcase name="Quad has 4 vertices" classname="org.fxyz3d.shapes.primitives.QuadMeshTest$GeometryTests" time="0.001"/>
  <testcase name="Quad has 2 faces (triangles)" classname="org.fxyz3d.shapes.primitives.QuadMeshTest$GeometryTests" time="0.0"/>
  <testcase name="Quad has 4 texture coordinates" classname="org.fxyz3d.shapes.primitives.QuadMeshTest$GeometryTests" time="0.0"/>
  <testcase name="All vertices have Z=0 (flat in XY plane)" classname="org.fxyz3d.shapes.primitives.QuadMeshTest$GeometryTests" time="0.0"/>
  <testcase name="Quad has 2 smoothing groups" classname="org.fxyz3d.shapes.primitives.QuadMeshTest$GeometryTests" time="0.0"/>
  <testcase name="Center offsets vertex positions" classname="org.fxyz3d.shapes.primitives.QuadMeshTest$GeometryTests" time="0.0"/>
  <testcase name="Texture coordinates cover full UV range" classname="org.fxyz3d.shapes.primitives.QuadMeshTest$GeometryTests" time="0.0"/>
  <testcase name="Vertices form square in XY plane" classname="org.fxyz3d.shapes.primitives.QuadMeshTest$GeometryTests" time="0.0"/>
  <testcase name="Size scales vertex positions" classname="org.fxyz3d.shapes.primitives.QuadMeshTest$GeometryTests" time="0.0"/>
  <system-out><![CDATA[]]></system-out>
  <system-err><![CDATA[]]></system-err>
</testsuite>
