<?xml version="1.0" encoding="UTF-8"?>
<testsuite name="Per-Particle Color Tests" tests="7" skipped="0" failures="0" errors="0" timestamp="2026-02-12T02:26:01.197Z" hostname="MacBook-Pro.local" time="0.003">
  <properties/>
  <testcase name="setColorPaletteColors throws for null palette" classname="org.fxyz3d.shapes.primitives.ScatterMeshTest$PerParticleColorTests" time="0.001"/>
  <testcase name="enablePerParticleColor enables color mode" classname="org.fxyz3d.shapes.primitives.ScatterMeshTest$PerParticleColorTests" time="0.0"/>
  <testcase name="setColorPaletteColors sets palette" classname="org.fxyz3d.shapes.primitives.ScatterMeshTest$PerParticleColorTests" time="0.0"/>
  <testcase name="setColorPaletteColors throws for empty palette" classname="org.fxyz3d.shapes.primitives.ScatterMeshTest$PerParticleColorTests" time="0.001"/>
  <testcase name="disablePerParticleColor disables color mode" classname="org.fxyz3d.shapes.primitives.ScatterMeshTest$PerParticleColorTests" time="0.0"/>
  <testcase name="Default perParticleColor is false" classname="org.fxyz3d.shapes.primitives.ScatterMeshTest$PerParticleColorTests" time="0.0"/>
  <testcase name="Particles with different colorIndex get different colors" classname="org.fxyz3d.shapes.primitives.ScatterMeshTest$PerParticleColorTests" time="0.001"/>
  <system-out><![CDATA[]]></system-out>
  <system-err><![CDATA[]]></system-err>
</testsuite>
