<?xml version="1.0" encoding="UTF-8"?>
<testsuite name="Equals and HashCode Tests" tests="7" skipped="0" failures="0" errors="0" timestamp="2026-02-12T02:26:00.848Z" hostname="MacBook-Pro.local" time="0.002">
  <properties/>
  <testcase name="equals returns false for different class" classname="org.fxyz3d.geometry.Point3DTest$EqualsHashCodeTests" time="0.001"/>
  <testcase name="equals returns false for different scale" classname="org.fxyz3d.geometry.Point3DTest$EqualsHashCodeTests" time="0.0"/>
  <testcase name="equals returns false for null" classname="org.fxyz3d.geometry.Point3DTest$EqualsHashCodeTests" time="0.0"/>
  <testcase name="equals returns false for different opacity" classname="org.fxyz3d.geometry.Point3DTest$EqualsHashCodeTests" time="0.0"/>
  <testcase name="equals returns false for different x" classname="org.fxyz3d.geometry.Point3DTest$EqualsHashCodeTests" time="0.0"/>
  <testcase name="equals returns true for identical points" classname="org.fxyz3d.geometry.Point3DTest$EqualsHashCodeTests" time="0.0"/>
  <testcase name="equals returns false for different colorIndex" classname="org.fxyz3d.geometry.Point3DTest$EqualsHashCodeTests" time="0.0"/>
  <system-out><![CDATA[]]></system-out>
  <system-err><![CDATA[]]></system-err>
</testsuite>
