<?xml version="1.0" encoding="UTF-8"?>
<testsuite name="org.fxyz3d.shapes.primitives.Text3DMeshTest" tests="10" skipped="0" failures="0" errors="0" timestamp="2026-02-12T02:26:01.281Z" hostname="MacBook-Pro.local" time="0.343">
  <properties/>
  <testcase name="Height can be changed" classname="org.fxyz3d.shapes.primitives.Text3DMeshTest" time="0.113"/>
  <testcase name="Text and font constructor sets values correctly" classname="org.fxyz3d.shapes.primitives.Text3DMeshTest" time="0.04"/>
  <testcase name="Group contains meshes for each letter" classname="org.fxyz3d.shapes.primitives.Text3DMeshTest" time="0.032"/>
  <testcase name="Text and height constructor sets values correctly" classname="org.fxyz3d.shapes.primitives.Text3DMeshTest" time="0.039"/>
  <testcase name="Text constructor sets text correctly" classname="org.fxyz3d.shapes.primitives.Text3DMeshTest" time="0.028"/>
  <testcase name="Default constructor uses correct default values" classname="org.fxyz3d.shapes.primitives.Text3DMeshTest" time="0.016"/>
  <testcase name="Text can be changed" classname="org.fxyz3d.shapes.primitives.Text3DMeshTest" time="0.019"/>
  <testcase name="getMeshes returns list of meshes" classname="org.fxyz3d.shapes.primitives.Text3DMeshTest" time="0.018"/>
  <testcase name="Property accessors work correctly" classname="org.fxyz3d.shapes.primitives.Text3DMeshTest" time="0.019"/>
  <testcase name="Count bindings work" classname="org.fxyz3d.shapes.primitives.Text3DMeshTest" time="0.017"/>
  <system-out><![CDATA[]]></system-out>
  <system-err><![CDATA[]]></system-err>
</testsuite>
