<?xml version="1.0" encoding="UTF-8"?>
<testsuite name="org.fxyz3d.shapes.composites.ScatterPlotMeshTest" tests="4" skipped="0" failures="0" errors="0" timestamp="2026-02-12T02:26:00.935Z" hostname="MacBook-Pro.local" time="0.001">
  <properties/>
  <testcase name="Default node type is sphere" classname="org.fxyz3d.shapes.composites.ScatterPlotMeshTest" time="0.0"/>
  <testcase name="Constructor with parameters sets values" classname="org.fxyz3d.shapes.composites.ScatterPlotMeshTest" time="0.0"/>
  <testcase name="setXYZData creates mesh views" classname="org.fxyz3d.shapes.composites.ScatterPlotMeshTest" time="0.001"/>
  <testcase name="Constructor with selfLit creates plot" classname="org.fxyz3d.shapes.composites.ScatterPlotMeshTest" time="0.0"/>
  <system-out><![CDATA[]]></system-out>
  <system-err><![CDATA[]]></system-err>
</testsuite>
