<?xml version="1.0" encoding="UTF-8"?>
<testsuite name="org.fxyz3d.shapes.primitives.SpheroidMeshViewTest" tests="4" skipped="0" failures="0" errors="0" timestamp="2026-02-12T02:26:01.233Z" hostname="MacBook-Pro.local" time="0.001">
  <properties/>
  <testcase name="Mesh is updated when minor radius changes" classname="org.fxyz3d.shapes.primitives.SpheroidMeshViewTest" time="0.0"/>
  <testcase name="testConstruction()" classname="org.fxyz3d.shapes.primitives.SpheroidMeshViewTest" time="0.0"/>
  <testcase name="Mesh is updated when major radius changes" classname="org.fxyz3d.shapes.primitives.SpheroidMeshViewTest" time="0.001"/>
  <testcase name="Mesh is updated when number of divisions changes" classname="org.fxyz3d.shapes.primitives.SpheroidMeshViewTest" time="0.0"/>
  <system-out><![CDATA[]]></system-out>
  <system-err><![CDATA[]]></system-err>
</testsuite>
