<?xml version="1.0" encoding="UTF-8"?>
<testsuite name="Edge Cases" tests="3" skipped="0" failures="0" errors="0" timestamp="2026-02-12T02:26:01.634Z" hostname="MacBook-Pro.local" time="0.001">
  <properties/>
  <testcase name="addMeshWithScale handles empty list" classname="org.fxyz3d.shapes.primitives.helper.MeshHelperTest$EdgeCases" time="0.0"/>
  <testcase name="addMeshWithColorIndex handles colorIndex at boundaries" classname="org.fxyz3d.shapes.primitives.helper.MeshHelperTest$EdgeCases" time="0.001"/>
  <testcase name="addMeshWithColorIndex handles empty list" classname="org.fxyz3d.shapes.primitives.helper.MeshHelperTest$EdgeCases" time="0.0"/>
  <system-out><![CDATA[]]></system-out>
  <system-err><![CDATA[]]></system-err>
</testsuite>
