<?xml version="1.0" encoding="UTF-8"?>
<testsuite name="org.fxyz3d.shapes.primitives.CSGMeshTest" tests="6" skipped="0" failures="0" errors="0" timestamp="2026-02-12T02:26:00.980Z" hostname="MacBook-Pro.local" time="0.02">
  <properties/>
  <testcase name="CSGMesh from difference operation works" classname="org.fxyz3d.shapes.primitives.CSGMeshTest" time="0.011"/>
  <testcase name="CSGMesh from sphere has vertices" classname="org.fxyz3d.shapes.primitives.CSGMeshTest" time="0.001"/>
  <testcase name="CSGMesh from cube has vertices" classname="org.fxyz3d.shapes.primitives.CSGMeshTest" time="0.0"/>
  <testcase name="CSGMesh from union operation works" classname="org.fxyz3d.shapes.primitives.CSGMeshTest" time="0.005"/>
  <testcase name="CSGMesh from cube has faces" classname="org.fxyz3d.shapes.primitives.CSGMeshTest" time="0.001"/>
  <testcase name="CSGMesh from intersect operation works" classname="org.fxyz3d.shapes.primitives.CSGMeshTest" time="0.002"/>
  <system-out><![CDATA[]]></system-out>
  <system-err><![CDATA[]]></system-err>
</testsuite>
