<?xml version="1.0" encoding="UTF-8"?>
<testsuite name="org.fxyz3d.utils.MeshUtilsTest" tests="2" skipped="0" failures="0" errors="0" timestamp="2026-02-12T02:26:01.643Z" hostname="MacBook-Pro.local" time="0.0">
  <properties/>
  <testcase name="mesh2CSG handles empty mesh" classname="org.fxyz3d.utils.MeshUtilsTest" time="0.0"/>
  <testcase name="mesh2CSG converts triangle mesh to CSG" classname="org.fxyz3d.utils.MeshUtilsTest" time="0.0"/>
  <system-out><![CDATA[]]></system-out>
  <system-err><![CDATA[]]></system-err>
</testsuite>
