<?xml version="1.0" encoding="UTF-8"?>
<testsuite name="Marker Type Tests" tests="3" skipped="0" failures="0" errors="0" timestamp="2026-02-12T02:26:01.180Z" hostname="MacBook-Pro.local" time="0.005">
  <properties/>
  <testcase name="All marker types create valid meshes" classname="org.fxyz3d.shapes.primitives.ScatterMeshTest$MarkerTypeTests" time="0.004"/>
  <testcase name="OCTAHEDRON marker creates mesh" classname="org.fxyz3d.shapes.primitives.ScatterMeshTest$MarkerTypeTests" time="0.001"/>
  <testcase name="QUAD marker creates mesh" classname="org.fxyz3d.shapes.primitives.ScatterMeshTest$MarkerTypeTests" time="0.0"/>
  <system-out><![CDATA[]]></system-out>
  <system-err><![CDATA[]]></system-err>
</testsuite>
