<?xml version="1.0" encoding="UTF-8"?>
<testsuite name="org.fxyz3d.shapes.primitives.TetrahedronMeshTest" tests="8" skipped="0" failures="0" errors="0" timestamp="2026-02-12T02:26:01.280Z" hostname="MacBook-Pro.local" time="0.001">
  <properties/>
  <testcase name="Parameterized constructor sets height correctly" classname="org.fxyz3d.shapes.primitives.TetrahedronMeshTest" time="0.0"/>
  <testcase name="Tetrahedron has exactly 4 faces" classname="org.fxyz3d.shapes.primitives.TetrahedronMeshTest" time="0.0"/>
  <testcase name="Default constructor uses correct default values" classname="org.fxyz3d.shapes.primitives.TetrahedronMeshTest" time="0.0"/>
  <testcase name="Mesh has vertices" classname="org.fxyz3d.shapes.primitives.TetrahedronMeshTest" time="0.0"/>
  <testcase name="Mesh has faces" classname="org.fxyz3d.shapes.primitives.TetrahedronMeshTest" time="0.0"/>
  <testcase name="Tetrahedron has exactly 4 vertices" classname="org.fxyz3d.shapes.primitives.TetrahedronMeshTest" time="0.0"/>
  <testcase name="Mesh is updated when height changes" classname="org.fxyz3d.shapes.primitives.TetrahedronMeshTest" time="0.0"/>
  <testcase name="Property accessor works correctly" classname="org.fxyz3d.shapes.primitives.TetrahedronMeshTest" time="0.0"/>
  <system-out><![CDATA[]]></system-out>
  <system-err><![CDATA[]]></system-err>
</testsuite>
