<?xml version="1.0" encoding="UTF-8"?>
<testsuite name="org.fxyz3d.shapes.primitives.CapsuleMeshViewTest" tests="4" skipped="0" failures="0" errors="0" timestamp="2026-02-12T02:26:01.001Z" hostname="MacBook-Pro.local" time="0.011">
  <properties/>
  <testcase name="Mesh is updated when radius changes" classname="org.fxyz3d.shapes.primitives.CapsuleMeshViewTest" time="0.002"/>
  <testcase name="testConstruction()" classname="org.fxyz3d.shapes.primitives.CapsuleMeshViewTest" time="0.006"/>
  <testcase name="Mesh is updated when height changes" classname="org.fxyz3d.shapes.primitives.CapsuleMeshViewTest" time="0.001"/>
  <testcase name="Mesh is updated when num divisions changes" classname="org.fxyz3d.shapes.primitives.CapsuleMeshViewTest" time="0.002"/>
  <system-out><![CDATA[]]></system-out>
  <system-err><![CDATA[]]></system-err>
</testsuite>
