<?xml version="1.0" encoding="UTF-8"?>
<testsuite name="Per-Particle Color Tests" tests="6" skipped="0" failures="0" errors="0" timestamp="2026-02-12T02:26:01.635Z" hostname="MacBook-Pro.local" time="0.0">
  <properties/>
  <testcase name="addMeshWithColorIndex maps colorIndex to U coordinate" classname="org.fxyz3d.shapes.primitives.helper.MeshHelperTest$ColorTests" time="0.0"/>
  <testcase name="addMeshWithColorIndex applies scale to vertices" classname="org.fxyz3d.shapes.primitives.helper.MeshHelperTest$ColorTests" time="0.0"/>
  <testcase name="addMeshWithColorIndex with opacity uses opacity for V" classname="org.fxyz3d.shapes.primitives.helper.MeshHelperTest$ColorTests" time="0.0"/>
  <testcase name="addMeshWithColorIndex updates face texCoord indices" classname="org.fxyz3d.shapes.primitives.helper.MeshHelperTest$ColorTests" time="0.0"/>
  <testcase name="addMeshWithColorIndex creates one texCoord per particle" classname="org.fxyz3d.shapes.primitives.helper.MeshHelperTest$ColorTests" time="0.0"/>
  <testcase name="addMeshWithColorIndex sets V to 0.5 by default" classname="org.fxyz3d.shapes.primitives.helper.MeshHelperTest$ColorTests" time="0.0"/>
  <system-out><![CDATA[]]></system-out>
  <system-err><![CDATA[]]></system-err>
</testsuite>
