<?xml version="1.0" encoding="UTF-8"?>
<testsuite name="org.fxyz3d.geometry.MathUtilsTest" tests="11" skipped="0" failures="0" errors="0" timestamp="2026-02-12T02:26:00.836Z" hostname="MacBook-Pro.local" time="0.003">
  <properties/>
  <testcase name="clamp float constrains value to range" classname="org.fxyz3d.geometry.MathUtilsTest" time="0.001"/>
  <testcase name="clamp double constrains value to range" classname="org.fxyz3d.geometry.MathUtilsTest" time="0.0"/>
  <testcase name="computeNormal returns normalized cross product" classname="org.fxyz3d.geometry.MathUtilsTest" time="0.0"/>
  <testcase name="isPowerOfTwo returns false for non-powers of two" classname="org.fxyz3d.geometry.MathUtilsTest" time="0.0"/>
  <testcase name="isWithinEpsilon returns false for distant values" classname="org.fxyz3d.geometry.MathUtilsTest" time="0.001"/>
  <testcase name="Constants are defined correctly" classname="org.fxyz3d.geometry.MathUtilsTest" time="0.0"/>
  <testcase name="isPowerOfTwo returns true for powers of two" classname="org.fxyz3d.geometry.MathUtilsTest" time="0.0"/>
  <testcase name="isWithinEpsilon returns true for close values" classname="org.fxyz3d.geometry.MathUtilsTest" time="0.0"/>
  <testcase name="sphericalToCartesian and back" classname="org.fxyz3d.geometry.MathUtilsTest" time="0.001"/>
  <testcase name="nearestPowerOfTwo rounds up to nearest power" classname="org.fxyz3d.geometry.MathUtilsTest" time="0.0"/>
  <testcase name="isWithinEpsilon with default tolerance" classname="org.fxyz3d.geometry.MathUtilsTest" time="0.0"/>
  <system-out><![CDATA[]]></system-out>
  <system-err><![CDATA[]]></system-err>
</testsuite>
