<?xml version="1.0" encoding="UTF-8"?>
<testsuite name="Value Clamping Tests" tests="3" skipped="0" failures="0" errors="0" timestamp="2026-02-12T02:26:00.850Z" hostname="MacBook-Pro.local" time="0.001">
  <properties/>
  <testcase name="colorIndex clamped to 0-255 range" classname="org.fxyz3d.geometry.Point3DTest$ClampingTests" time="0.001"/>
  <testcase name="opacity clamped to 0.0-1.0 range" classname="org.fxyz3d.geometry.Point3DTest$ClampingTests" time="0.0"/>
  <testcase name="scale defaults to 1.0 for invalid values" classname="org.fxyz3d.geometry.Point3DTest$ClampingTests" time="0.0"/>
  <system-out><![CDATA[]]></system-out>
  <system-err><![CDATA[]]></system-err>
</testsuite>
