<?xml version="1.0" encoding="UTF-8"?>
<testsuite name="org.fxyz3d.shapes.primitives.TriangulatedMeshTest" tests="8" skipped="0" failures="0" errors="0" timestamp="2026-02-12T02:26:01.632Z" hostname="MacBook-Pro.local" time="0.002">
  <properties/>
  <testcase name="Constructor with points uses default values" classname="org.fxyz3d.shapes.primitives.TriangulatedMeshTest" time="0.001"/>
  <testcase name="Square polygon creates valid mesh" classname="org.fxyz3d.shapes.primitives.TriangulatedMeshTest" time="0.0"/>
  <testcase name="Mesh is updated when level changes" classname="org.fxyz3d.shapes.primitives.TriangulatedMeshTest" time="0.0"/>
  <testcase name="Mesh has vertices" classname="org.fxyz3d.shapes.primitives.TriangulatedMeshTest" time="0.001"/>
  <testcase name="Mesh has faces" classname="org.fxyz3d.shapes.primitives.TriangulatedMeshTest" time="0.0"/>
  <testcase name="Mesh is updated when height changes" classname="org.fxyz3d.shapes.primitives.TriangulatedMeshTest" time="0.0"/>
  <testcase name="Constructor with height sets value correctly" classname="org.fxyz3d.shapes.primitives.TriangulatedMeshTest" time="0.0"/>
  <testcase name="Property accessors work correctly" classname="org.fxyz3d.shapes.primitives.TriangulatedMeshTest" time="0.0"/>
  <system-out><![CDATA[]]></system-out>
  <system-err><![CDATA[]]></system-err>
</testsuite>
