<?xml version="1.0" encoding="UTF-8"?>
<testsuite name="org.fxyz3d.shapes.composites.SurfacePlotTest" tests="5" skipped="0" failures="0" errors="0" timestamp="2026-02-12T02:26:00.939Z" hostname="MacBook-Pro.local" time="0.002">
  <properties/>
  <testcase name="MeshView is added to children" classname="org.fxyz3d.shapes.composites.SurfacePlotTest" time="0.001"/>
  <testcase name="setHeightData creates mesh view" classname="org.fxyz3d.shapes.composites.SurfacePlotTest" time="0.0"/>
  <testcase name="Wire mode creates line mesh" classname="org.fxyz3d.shapes.composites.SurfacePlotTest" time="0.0"/>
  <testcase name="Constructor with data creates mesh" classname="org.fxyz3d.shapes.composites.SurfacePlotTest" time="0.0"/>
  <testcase name="Constructor with selfLit creates plot" classname="org.fxyz3d.shapes.composites.SurfacePlotTest" time="0.0"/>
  <system-out><![CDATA[]]></system-out>
  <system-err><![CDATA[]]></system-err>
</testsuite>
