<?xml version="1.0" encoding="UTF-8"?>
<testsuite name="org.fxyz3d.shapes.composites.PolyLine3DTest" tests="5" skipped="0" failures="0" errors="0" timestamp="2026-02-12T02:26:00.931Z" hostname="MacBook-Pro.local" time="0.004">
  <properties/>
  <testcase name="Group contains children" classname="org.fxyz3d.shapes.composites.PolyLine3DTest" time="0.002"/>
  <testcase name="Ribbon constructor creates polyline" classname="org.fxyz3d.shapes.composites.PolyLine3DTest" time="0.0"/>
  <testcase name="MeshView is created" classname="org.fxyz3d.shapes.composites.PolyLine3DTest" time="0.001"/>
  <testcase name="Material is set" classname="org.fxyz3d.shapes.composites.PolyLine3DTest" time="0.0"/>
  <testcase name="Triangle tube constructor creates polyline" classname="org.fxyz3d.shapes.composites.PolyLine3DTest" time="0.001"/>
  <system-out><![CDATA[]]></system-out>
  <system-err><![CDATA[]]></system-err>
</testsuite>
