<?xml version="1.0" encoding="UTF-8"?>
<testsuite name="org.fxyz3d.shapes.primitives.SurfacePlotMeshTest" tests="11" skipped="0" failures="0" errors="0" timestamp="2026-02-12T02:26:01.262Z" hostname="MacBook-Pro.local" time="0.016">
  <properties/>
  <testcase name="Function constructor sets function correctly" classname="org.fxyz3d.shapes.primitives.SurfacePlotMeshTest" time="0.003"/>
  <testcase name="Mesh is updated when divisionsY changes" classname="org.fxyz3d.shapes.primitives.SurfacePlotMeshTest" time="0.002"/>
  <testcase name="Mesh is updated when rangeX changes" classname="org.fxyz3d.shapes.primitives.SurfacePlotMeshTest" time="0.003"/>
  <testcase name="Default constructor uses correct default values" classname="org.fxyz3d.shapes.primitives.SurfacePlotMeshTest" time="0.001"/>
  <testcase name="Polygon mesh is available" classname="org.fxyz3d.shapes.primitives.SurfacePlotMeshTest" time="0.001"/>
  <testcase name="Mesh has vertices" classname="org.fxyz3d.shapes.primitives.SurfacePlotMeshTest" time="0.001"/>
  <testcase name="Mesh is updated when rangeY changes" classname="org.fxyz3d.shapes.primitives.SurfacePlotMeshTest" time="0.001"/>
  <testcase name="Mesh has faces" classname="org.fxyz3d.shapes.primitives.SurfacePlotMeshTest" time="0.001"/>
  <testcase name="Mesh is updated when functionScale changes" classname="org.fxyz3d.shapes.primitives.SurfacePlotMeshTest" time="0.001"/>
  <testcase name="Property accessors work correctly" classname="org.fxyz3d.shapes.primitives.SurfacePlotMeshTest" time="0.001"/>
  <testcase name="Mesh is updated when divisionsX changes" classname="org.fxyz3d.shapes.primitives.SurfacePlotMeshTest" time="0.001"/>
  <system-out><![CDATA[]]></system-out>
  <system-err><![CDATA[]]></system-err>
</testsuite>
