<?xml version="1.0" encoding="UTF-8"?>
<testsuite name="Property Change Tests" tests="4" skipped="0" failures="0" errors="0" timestamp="2026-02-12T02:26:01.105Z" hostname="MacBook-Pro.local" time="0.001">
  <properties/>
  <testcase name="setRadius updates mesh" classname="org.fxyz3d.shapes.primitives.OctahedronMarkerMeshTest$PropertyChangeTests" time="0.0"/>
  <testcase name="radiusProperty is bindable" classname="org.fxyz3d.shapes.primitives.OctahedronMarkerMeshTest$PropertyChangeTests" time="0.0"/>
  <testcase name="setCenter updates mesh" classname="org.fxyz3d.shapes.primitives.OctahedronMarkerMeshTest$PropertyChangeTests" time="0.001"/>
  <testcase name="centerProperty is bindable" classname="org.fxyz3d.shapes.primitives.OctahedronMarkerMeshTest$PropertyChangeTests" time="0.0"/>
  <system-out><![CDATA[]]></system-out>
  <system-err><![CDATA[]]></system-err>
</testsuite>
