<?xml version="1.0" encoding="UTF-8"?>
<testsuite name="org.fxyz3d.shapes.primitives.FrustumMeshTest" tests="11" skipped="0" failures="0" errors="0" timestamp="2026-02-12T02:26:01.053Z" hostname="MacBook-Pro.local" time="0.01">
  <properties/>
  <testcase name="Mesh is updated when major radius changes" classname="org.fxyz3d.shapes.primitives.FrustumMeshTest" time="0.004"/>
  <testcase name="Mesh has texture coordinates" classname="org.fxyz3d.shapes.primitives.FrustumMeshTest" time="0.0"/>
  <testcase name="Mesh is updated when level changes" classname="org.fxyz3d.shapes.primitives.FrustumMeshTest" time="0.002"/>
  <testcase name="Default constructor uses correct default values" classname="org.fxyz3d.shapes.primitives.FrustumMeshTest" time="0.0"/>
  <testcase name="Mesh has vertices" classname="org.fxyz3d.shapes.primitives.FrustumMeshTest" time="0.0"/>
  <testcase name="Mesh is updated when minor radius changes" classname="org.fxyz3d.shapes.primitives.FrustumMeshTest" time="0.001"/>
  <testcase name="Mesh has faces" classname="org.fxyz3d.shapes.primitives.FrustumMeshTest" time="0.0"/>
  <testcase name="Mesh is updated when height changes" classname="org.fxyz3d.shapes.primitives.FrustumMeshTest" time="0.001"/>
  <testcase name="Three-parameter constructor sets values correctly" classname="org.fxyz3d.shapes.primitives.FrustumMeshTest" time="0.0"/>
  <testcase name="Four-parameter constructor sets values correctly" classname="org.fxyz3d.shapes.primitives.FrustumMeshTest" time="0.001"/>
  <testcase name="Property accessors work correctly" classname="org.fxyz3d.shapes.primitives.FrustumMeshTest" time="0.001"/>
  <system-out><![CDATA[]]></system-out>
  <system-err><![CDATA[]]></system-err>
</testsuite>
