<?xml version="1.0" encoding="UTF-8"?>
<testsuite name="Property Behavior Tests" tests="2" skipped="0" failures="0" errors="0" timestamp="2026-02-12T02:26:01.636Z" hostname="MacBook-Pro.local" time="0.001">
  <properties/>
  <testcase name="Setting same value does not trigger invalidation in JavaFX" classname="org.fxyz3d.shapes.primitives.helper.MeshPropertyTest$BehaviorTests" time="0.0"/>
  <testcase name="Properties can be bound to other properties" classname="org.fxyz3d.shapes.primitives.helper.MeshPropertyTest$BehaviorTests" time="0.001"/>
  <system-out><![CDATA[]]></system-out>
  <system-err><![CDATA[]]></system-err>
</testsuite>
