<?xml version="1.0" encoding="UTF-8"?>
<testsuite name="org.fxyz3d.shapes.primitives.SegmentedDomeMeshTest" tests="8" skipped="0" failures="0" errors="0" timestamp="2026-02-12T02:26:01.202Z" hostname="MacBook-Pro.local" time="0.004">
  <properties/>
  <testcase name="Mesh is updated when radius changes" classname="org.fxyz3d.shapes.primitives.SegmentedDomeMeshTest" time="0.001"/>
  <testcase name="Mesh is updated when phimax changes" classname="org.fxyz3d.shapes.primitives.SegmentedDomeMeshTest" time="0.0"/>
  <testcase name="Mesh is updated when divisions changes" classname="org.fxyz3d.shapes.primitives.SegmentedDomeMeshTest" time="0.001"/>
  <testcase name="Default constructor uses correct default values" classname="org.fxyz3d.shapes.primitives.SegmentedDomeMeshTest" time="0.001"/>
  <testcase name="Mesh has vertices" classname="org.fxyz3d.shapes.primitives.SegmentedDomeMeshTest" time="0.0"/>
  <testcase name="Mesh has faces" classname="org.fxyz3d.shapes.primitives.SegmentedDomeMeshTest" time="0.0"/>
  <testcase name="Mesh is updated when thetamax changes" classname="org.fxyz3d.shapes.primitives.SegmentedDomeMeshTest" time="0.0"/>
  <testcase name="Property accessors work correctly" classname="org.fxyz3d.shapes.primitives.SegmentedDomeMeshTest" time="0.001"/>
  <system-out><![CDATA[]]></system-out>
  <system-err><![CDATA[]]></system-err>
</testsuite>
