<?xml version="1.0" encoding="UTF-8"?>
<testsuite name="org.fxyz3d.shapes.primitives.BezierMeshTest" tests="8" skipped="0" failures="0" errors="0" timestamp="2026-02-12T02:26:00.947Z" hostname="MacBook-Pro.local" time="0.033">
  <properties/>
  <testcase name="Constructor with spline sets default wire radius" classname="org.fxyz3d.shapes.primitives.BezierMeshTest" time="0.013"/>
  <testcase name="Mesh is updated when length divisions changes" classname="org.fxyz3d.shapes.primitives.BezierMeshTest" time="0.005"/>
  <testcase name="Mesh has vertices" classname="org.fxyz3d.shapes.primitives.BezierMeshTest" time="0.002"/>
  <testcase name="Mesh has faces" classname="org.fxyz3d.shapes.primitives.BezierMeshTest" time="0.002"/>
  <testcase name="Mesh is updated when wire radius changes" classname="org.fxyz3d.shapes.primitives.BezierMeshTest" time="0.003"/>
  <testcase name="Property accessors work correctly" classname="org.fxyz3d.shapes.primitives.BezierMeshTest" time="0.002"/>
  <testcase name="Constructor with wire radius sets value correctly" classname="org.fxyz3d.shapes.primitives.BezierMeshTest" time="0.003"/>
  <testcase name="Mesh is updated when wire divisions changes" classname="org.fxyz3d.shapes.primitives.BezierMeshTest" time="0.003"/>
  <system-out><![CDATA[]]></system-out>
  <system-err><![CDATA[]]></system-err>
</testsuite>
