<?xml version="1.0" encoding="UTF-8"?>
<testsuite name="Efficient Position Update Tests" tests="7" skipped="0" failures="0" errors="0" timestamp="2026-02-12T02:26:01.185Z" hostname="MacBook-Pro.local" time="0.003">
  <properties/>
  <testcase name="getParticleCount returns correct count" classname="org.fxyz3d.shapes.primitives.ScatterMeshTest$PositionUpdateTests" time="0.0"/>
  <testcase name="updateParticlePosition returns false for invalid index" classname="org.fxyz3d.shapes.primitives.ScatterMeshTest$PositionUpdateTests" time="0.001"/>
  <testcase name="updateParticlePosition updates single particle" classname="org.fxyz3d.shapes.primitives.ScatterMeshTest$PositionUpdateTests" time="0.0"/>
  <testcase name="updatePositions returns true for efficient update" classname="org.fxyz3d.shapes.primitives.ScatterMeshTest$PositionUpdateTests" time="0.0"/>
  <testcase name="getVerticesPerMarker returns positive value after mesh creation" classname="org.fxyz3d.shapes.primitives.ScatterMeshTest$PositionUpdateTests" time="0.0"/>
  <testcase name="updatePositions returns false for non-joined segments" classname="org.fxyz3d.shapes.primitives.ScatterMeshTest$PositionUpdateTests" time="0.001"/>
  <testcase name="updatePositions returns false when particle count changes" classname="org.fxyz3d.shapes.primitives.ScatterMeshTest$PositionUpdateTests" time="0.001"/>
  <system-out><![CDATA[]]></system-out>
  <system-err><![CDATA[]]></system-err>
</testsuite>
