<?xml version="1.0" encoding="UTF-8"?>
<testsuite name="org.fxyz3d.geometry.Face3Test" tests="12" skipped="0" failures="0" errors="0" timestamp="2026-02-12T02:26:00.808Z" hostname="MacBook-Pro.local" time="0.022">
  <properties/>
  <testcase name="[1] Face3{p0=1, p1=2, p2=3}" classname="org.fxyz3d.geometry.Face3Test" time="0.007"/>
  <testcase name="[2] Face3{p0=-1, p1=0, p2=1}" classname="org.fxyz3d.geometry.Face3Test" time="0.0"/>
  <testcase name="[3] Face3{p0=2147483647, p1=0, p2=-2147483648}" classname="org.fxyz3d.geometry.Face3Test" time="0.0"/>
  <testcase name="[1] Face3{p0=1, p1=2, p2=3}, 0" classname="org.fxyz3d.geometry.Face3Test" time="0.0"/>
  <testcase name="[2] Face3{p0=-1, p1=0, p2=1}, -2147483648" classname="org.fxyz3d.geometry.Face3Test" time="0.0"/>
  <testcase name="[3] Face3{p0=2147483647, p1=0, p2=-2147483648}, 2147483647" classname="org.fxyz3d.geometry.Face3Test" time="0.001"/>
  <testcase name="[1] Face3{p0=1, p1=2, p2=3}, Face3{p0=-1, p1=0, p2=1}" classname="org.fxyz3d.geometry.Face3Test" time="0.001"/>
  <testcase name="[2] Face3{p0=-1, p1=0, p2=1}, Face3{p0=2147483647, p1=0, p2=-2147483648}" classname="org.fxyz3d.geometry.Face3Test" time="0.0"/>
  <testcase name="[3] Face3{p0=2147483647, p1=0, p2=-2147483648}, Face3{p0=1, p1=2, p2=3}" classname="org.fxyz3d.geometry.Face3Test" time="0.001"/>
  <testcase name="[1] 1, 2, 3" classname="org.fxyz3d.geometry.Face3Test" time="0.003"/>
  <testcase name="[2] -1, 0, 1" classname="org.fxyz3d.geometry.Face3Test" time="0.001"/>
  <testcase name="[3] 2147483647, 0, -2147483648" classname="org.fxyz3d.geometry.Face3Test" time="0.0"/>
  <system-out><![CDATA[]]></system-out>
  <system-err><![CDATA[]]></system-err>
</testsuite>
