<?xml version="1.0" encoding="UTF-8"?>
<testsuite name="Basic MeshHelper Tests" tests="2" skipped="0" failures="0" errors="0" timestamp="2026-02-12T02:26:01.636Z" hostname="MacBook-Pro.local" time="0.0">
  <properties/>
  <testcase name="addMesh combines two meshes" classname="org.fxyz3d.shapes.primitives.helper.MeshHelperTest$BasicTests" time="0.0"/>
  <testcase name="Constructor from TriangleMesh extracts data correctly" classname="org.fxyz3d.shapes.primitives.helper.MeshHelperTest$BasicTests" time="0.0"/>
  <system-out><![CDATA[]]></system-out>
  <system-err><![CDATA[]]></system-err>
</testsuite>
