<?xml version="1.0" encoding="UTF-8"?>
<testsuite name="org.fxyz3d.shapes.primitives.IcosahedronMeshTest" tests="11" skipped="0" failures="0" errors="0" timestamp="2026-02-12T02:26:01.069Z" hostname="MacBook-Pro.local" time="0.005">
  <properties/>
  <testcase name="Mesh has texture coordinates" classname="org.fxyz3d.shapes.primitives.IcosahedronMeshTest" time="0.001"/>
  <testcase name="Two-parameter constructor sets values correctly" classname="org.fxyz3d.shapes.primitives.IcosahedronMeshTest" time="0.0"/>
  <testcase name="Diameter-only constructor sets values correctly" classname="org.fxyz3d.shapes.primitives.IcosahedronMeshTest" time="0.0"/>
  <testcase name="Higher level produces more vertices" classname="org.fxyz3d.shapes.primitives.IcosahedronMeshTest" time="0.001"/>
  <testcase name="Mesh is updated when level changes" classname="org.fxyz3d.shapes.primitives.IcosahedronMeshTest" time="0.0"/>
  <testcase name="Default constructor uses correct default values" classname="org.fxyz3d.shapes.primitives.IcosahedronMeshTest" time="0.0"/>
  <testcase name="Mesh has vertices" classname="org.fxyz3d.shapes.primitives.IcosahedronMeshTest" time="0.0"/>
  <testcase name="Level-only constructor sets values correctly" classname="org.fxyz3d.shapes.primitives.IcosahedronMeshTest" time="0.001"/>
  <testcase name="Mesh is updated when diameter changes" classname="org.fxyz3d.shapes.primitives.IcosahedronMeshTest" time="0.0"/>
  <testcase name="Mesh has faces" classname="org.fxyz3d.shapes.primitives.IcosahedronMeshTest" time="0.0"/>
  <testcase name="Property accessors work correctly" classname="org.fxyz3d.shapes.primitives.IcosahedronMeshTest" time="0.0"/>
  <system-out><![CDATA[]]></system-out>
  <system-err><![CDATA[]]></system-err>
</testsuite>
