<?xml version="1.0" encoding="UTF-8"?>
<testsuite name="org.fxyz3d.shapes.composites.HistogramTest" tests="6" skipped="0" failures="0" errors="0" timestamp="2026-02-12T02:26:00.869Z" hostname="MacBook-Pro.local" time="0.062">
  <properties/>
  <testcase name="Histogram with cube node type" classname="org.fxyz3d.shapes.composites.HistogramTest" time="0.059"/>
  <testcase name="Group contains children after init" classname="org.fxyz3d.shapes.composites.HistogramTest" time="0.0"/>
  <testcase name="Constructor with parameters sets values" classname="org.fxyz3d.shapes.composites.HistogramTest" time="0.001"/>
  <testcase name="setHeightData creates bars" classname="org.fxyz3d.shapes.composites.HistogramTest" time="0.001"/>
  <testcase name="Constructor with selfLit creates histogram" classname="org.fxyz3d.shapes.composites.HistogramTest" time="0.0"/>
  <testcase name="Node type can be changed" classname="org.fxyz3d.shapes.composites.HistogramTest" time="0.001"/>
  <system-out><![CDATA[]]></system-out>
  <system-err><![CDATA[]]></system-err>
</testsuite>
