<?xml version="1.0" encoding="UTF-8"?>
<testsuite name="Guarded ObjectProperty Tests" tests="5" skipped="0" failures="0" errors="0" timestamp="2026-02-12T02:26:01.638Z" hostname="MacBook-Pro.local" time="0.004">
  <properties/>
  <testcase name="createObject calls update when mesh is non-null" classname="org.fxyz3d.shapes.primitives.helper.MeshPropertyTest$GuardedObjectTests" time="0.0"/>
  <testcase name="createObject does not call update when mesh is null" classname="org.fxyz3d.shapes.primitives.helper.MeshPropertyTest$GuardedObjectTests" time="0.0"/>
  <testcase name="createObject works with custom types" classname="org.fxyz3d.shapes.primitives.helper.MeshPropertyTest$GuardedObjectTests" time="0.003"/>
  <testcase name="createObject returns property with initial value" classname="org.fxyz3d.shapes.primitives.helper.MeshPropertyTest$GuardedObjectTests" time="0.0"/>
  <testcase name="createObject handles null initial value" classname="org.fxyz3d.shapes.primitives.helper.MeshPropertyTest$GuardedObjectTests" time="0.0"/>
  <system-out><![CDATA[]]></system-out>
  <system-err><![CDATA[]]></system-err>
</testsuite>
