<?xml version="1.0" encoding="UTF-8"?>
<testsuite name="org.fxyz3d.shapes.primitives.SpheroidMeshTest" tests="14" skipped="0" failures="0" errors="0" timestamp="2026-02-12T02:26:01.227Z" hostname="MacBook-Pro.local" time="0.006">
  <properties/>
  <testcase name="Single radius constructor creates sphere" classname="org.fxyz3d.shapes.primitives.SpheroidMeshTest" time="0.001"/>
  <testcase name="Mesh is updated when major radius changes" classname="org.fxyz3d.shapes.primitives.SpheroidMeshTest" time="0.001"/>
  <testcase name="Mesh has texture coordinates" classname="org.fxyz3d.shapes.primitives.SpheroidMeshTest" time="0.0"/>
  <testcase name="Two-parameter constructor sets values correctly" classname="org.fxyz3d.shapes.primitives.SpheroidMeshTest" time="0.001"/>
  <testcase name="isOblateSpheroid returns true when major &gt; minor" classname="org.fxyz3d.shapes.primitives.SpheroidMeshTest" time="0.001"/>
  <testcase name="Mesh is updated when divisions changes" classname="org.fxyz3d.shapes.primitives.SpheroidMeshTest" time="0.0"/>
  <testcase name="Default constructor uses correct default values" classname="org.fxyz3d.shapes.primitives.SpheroidMeshTest" time="0.0"/>
  <testcase name="isSphere returns true when radii are equal" classname="org.fxyz3d.shapes.primitives.SpheroidMeshTest" time="0.001"/>
  <testcase name="Mesh has vertices" classname="org.fxyz3d.shapes.primitives.SpheroidMeshTest" time="0.0"/>
  <testcase name="Mesh is updated when minor radius changes" classname="org.fxyz3d.shapes.primitives.SpheroidMeshTest" time="0.0"/>
  <testcase name="Mesh has faces" classname="org.fxyz3d.shapes.primitives.SpheroidMeshTest" time="0.0"/>
  <testcase name="Three-parameter constructor sets values correctly" classname="org.fxyz3d.shapes.primitives.SpheroidMeshTest" time="0.0"/>
  <testcase name="isProlateSpheroid returns true when major &lt; minor" classname="org.fxyz3d.shapes.primitives.SpheroidMeshTest" time="0.001"/>
  <testcase name="Property accessors work correctly" classname="org.fxyz3d.shapes.primitives.SpheroidMeshTest" time="0.0"/>
  <system-out><![CDATA[]]></system-out>
  <system-err><![CDATA[]]></system-err>
</testsuite>
