<?xml version="1.0" encoding="UTF-8"?>
<testsuite xmlns:xsi="http://www.w3.org/2001/XMLSchema-instance" xsi:noNamespaceSchemaLocation="https://maven.apache.org/surefire/maven-surefire-plugin/xsd/surefire-test-report.xsd" version="3.0.2" name="org.fxyz3d.geometry.Point3DTest$EqualsHashCodeTests" time="0.0" tests="7" errors="0" skipped="0" failures="0">
  <properties>
[...]
</properties>
  <testcase name="testEqualsDifferentClass" classname="org.fxyz3d.geometry.Point3DTest$EqualsHashCodeTests" time="0.0"/>
  <testcase name="testEqualsDifferentScale" classname="org.fxyz3d.geometry.Point3DTest$EqualsHashCodeTests" time="0.0"/>
  <testcase name="testEqualsNull" classname="org.fxyz3d.geometry.Point3DTest$EqualsHashCodeTests" time="0.0"/>
  <testcase name="testEqualsDifferentOpacity" classname="org.fxyz3d.geometry.Point3DTest$EqualsHashCodeTests" time="0.0"/>
  <testcase name="testEqualsDifferentX" classname="org.fxyz3d.geometry.Point3DTest$EqualsHashCodeTests" time="0.0"/>
  <testcase name="testEqualsIdentical" classname="org.fxyz3d.geometry.Point3DTest$EqualsHashCodeTests" time="0.0"/>
  <testcase name="testEqualsDifferentColorIndex" classname="org.fxyz3d.geometry.Point3DTest$EqualsHashCodeTests" time="0.0"/>
</testsuite>